{
  "numFailedTestSuites": 0,
  "numFailedTests": 0,
  "numPassedTestSuites": 3,
  "numPassedTests": 9,
  "numPendingTestSuites": 0,
  "numPendingTests": 1,
  "numRuntimeErrorTestSuites": 0,
  "numTodoTests": 0,
  "numTotalTestSuites": 3,
  "numTotalTests": 10,
  "openHandles": [],
  "snapshot": {
    "added": 0,
    "didUpdate": false,
    "failure": false,
    "filesAdded": 0,
    "filesRemoved": 0,
    "filesRemovedList": [],
    "filesUnmatched": 0,
    "filesUpdated": 0,
    "matched": 0,
    "total": 0,
    "unchecked": 0,
    "uncheckedKeysByFile": [],
    "unmatched": 0,
    "updated": 0
  },
  "startTime": 1719080424510,
  "success": false,
  "testResults": [
    {
      "leaks": false,
      "numFailingTests": 0,
      "numPassingTests": 1,
      "numPendingTests": 1,
      "numTodoTests": 0,
      "openHandles": [],
      "perfStats": {
        "end": 1719080428501,
        "runtime": 3518,
        "slow": false,
        "start": 1719080424983
      },
      "skipped": false,
      "snapshot": {
        "added": 0,
        "fileDeleted": false,
        "matched": 0,
        "unchecked": 0,
        "uncheckedKeys": [],
        "unmatched": 0,
        "updated": 0
      },
      "testFilePath": "/Users/taynaraluana/Downloads/primeiro-test/test/teste-integrado-users.test.js",
      "testResults": [
        {
          "ancestorTitles": [
            "Suite de testes crud (post, get, put, delete)"
          ],
          "duration": 8,
          "failureDetails": [],
          "failureMessages": [],
          "fullName": "Suite de testes crud (post, get, put, delete) Alterando o registro cadastrado anteriormente, e verificando se os dados realmente foram alterados.",
          "invocations": 1,
          "location": null,
          "numPassingAsserts": 9,
          "retryReasons": [],
          "status": "passed",
          "title": "Alterando o registro cadastrado anteriormente, e verificando se os dados realmente foram alterados."
        },
        {
          "ancestorTitles": [
            "Suite de testes crud (post, get, put, delete)"
          ],
          "duration": null,
          "failureDetails": [],
          "failureMessages": [],
          "fullName": "Suite de testes crud (post, get, put, delete) Deverá remover o registro cadastrado anteriormente. E retornar 204.",
          "invocations": 1,
          "location": null,
          "numPassingAsserts": 0,
          "retryReasons": [],
          "status": "pending",
          "title": "Deverá remover o registro cadastrado anteriormente. E retornar 204."
        }
      ],
      "failureMessage": null
    },
    {
      "leaks": false,
      "numFailingTests": 0,
      "numPassingTests": 4,
      "numPendingTests": 0,
      "numTodoTests": 0,
      "openHandles": [],
      "perfStats": {
        "end": 1719080428512,
        "runtime": 3533,
        "slow": false,
        "start": 1719080424979
      },
      "skipped": false,
      "snapshot": {
        "added": 0,
        "fileDeleted": false,
        "matched": 0,
        "unchecked": 0,
        "uncheckedKeys": [],
        "unmatched": 0,
        "updated": 0
      },
      "testFilePath": "/Users/taynaraluana/Downloads/primeiro-test/test/test-users.test.js",
      "testResults": [
        {
          "ancestorTitles": [
            "Suite de testes crud (post, get, put, delete)"
          ],
          "duration": 30,
          "failureDetails": [],
          "failureMessages": [],
          "fullName": "Suite de testes crud (post, get, put, delete) Ausencia de campo email, deverá gerar o status code 422 e emitir uma mensagem de erro validando a mesma.",
          "invocations": 1,
          "location": null,
          "numPassingAsserts": 2,
          "retryReasons": [],
          "status": "passed",
          "title": "Ausencia de campo email, deverá gerar o status code 422 e emitir uma mensagem de erro validando a mesma."
        },
        {
          "ancestorTitles": [
            "Suite de testes crud (post, get, put, delete)"
          ],
          "duration": 5,
          "failureDetails": [],
          "failureMessages": [],
          "fullName": "Suite de testes crud (post, get, put, delete) Cadastrando um usuário, e consultando o retorno dos campos, se foram os enviados.",
          "invocations": 1,
          "location": null,
          "numPassingAsserts": 2,
          "retryReasons": [],
          "status": "passed",
          "title": "Cadastrando um usuário, e consultando o retorno dos campos, se foram os enviados."
        },
        {
          "ancestorTitles": [
            "Suite de testes crud (post, get, put, delete)"
          ],
          "duration": 7,
          "failureDetails": [],
          "failureMessages": [],
          "fullName": "Suite de testes crud (post, get, put, delete) Alterando o registro cadastrado anteriormente, e verificando se os dados realmente foram alterados.",
          "invocations": 1,
          "location": null,
          "numPassingAsserts": 7,
          "retryReasons": [],
          "status": "passed",
          "title": "Alterando o registro cadastrado anteriormente, e verificando se os dados realmente foram alterados."
        },
        {
          "ancestorTitles": [
            "Suite de testes crud (post, get, put, delete)"
          ],
          "duration": 10,
          "failureDetails": [],
          "failureMessages": [],
          "fullName": "Suite de testes crud (post, get, put, delete) Deverá remover o registro cadastrado anteriormente. E retornar 204.",
          "invocations": 1,
          "location": null,
          "numPassingAsserts": 3,
          "retryReasons": [],
          "status": "passed",
          "title": "Deverá remover o registro cadastrado anteriormente. E retornar 204."
        }
      ],
      "failureMessage": null
    },
    {
      "leaks": false,
      "numFailingTests": 0,
      "numPassingTests": 4,
      "numPendingTests": 0,
      "numTodoTests": 0,
      "openHandles": [],
      "perfStats": {
        "end": 1719080428518,
        "runtime": 3539,
        "slow": false,
        "start": 1719080424979
      },
      "skipped": false,
      "snapshot": {
        "added": 0,
        "fileDeleted": false,
        "matched": 0,
        "unchecked": 0,
        "uncheckedKeys": [],
        "unmatched": 0,
        "updated": 0
      },
      "testFilePath": "/Users/taynaraluana/Downloads/primeiro-test/test/teste-env-separado.test.js",
      "testResults": [
        {
          "ancestorTitles": [
            "Suite de testes crud (post, get, put, delete)"
          ],
          "duration": 26,
          "failureDetails": [],
          "failureMessages": [],
          "fullName": "Suite de testes crud (post, get, put, delete) Ausencia de campo email, deverá gerar o status code 422 e emitir uma mensagem de erro validando a mesma.",
          "invocations": 1,
          "location": null,
          "numPassingAsserts": 2,
          "retryReasons": [],
          "status": "passed",
          "title": "Ausencia de campo email, deverá gerar o status code 422 e emitir uma mensagem de erro validando a mesma."
        },
        {
          "ancestorTitles": [
            "Suite de testes crud (post, get, put, delete)"
          ],
          "duration": 4,
          "failureDetails": [],
          "failureMessages": [],
          "fullName": "Suite de testes crud (post, get, put, delete) Cadastrando um usuário, e consultando o retorno dos campos, se foram os enviados.",
          "invocations": 1,
          "location": null,
          "numPassingAsserts": 2,
          "retryReasons": [],
          "status": "passed",
          "title": "Cadastrando um usuário, e consultando o retorno dos campos, se foram os enviados."
        },
        {
          "ancestorTitles": [
            "Suite de testes crud (post, get, put, delete)"
          ],
          "duration": 8,
          "failureDetails": [],
          "failureMessages": [],
          "fullName": "Suite de testes crud (post, get, put, delete) Alterando o registro cadastrado anteriormente, e verificando se os dados realmente foram alterados.",
          "invocations": 1,
          "location": null,
          "numPassingAsserts": 7,
          "retryReasons": [],
          "status": "passed",
          "title": "Alterando o registro cadastrado anteriormente, e verificando se os dados realmente foram alterados."
        },
        {
          "ancestorTitles": [
            "Suite de testes crud (post, get, put, delete)"
          ],
          "duration": 16,
          "failureDetails": [],
          "failureMessages": [],
          "fullName": "Suite de testes crud (post, get, put, delete) Deverá remover o registro cadastrado anteriormente. E retornar 204.",
          "invocations": 1,
          "location": null,
          "numPassingAsserts": 3,
          "retryReasons": [],
          "status": "passed",
          "title": "Deverá remover o registro cadastrado anteriormente. E retornar 204."
        }
      ],
      "failureMessage": null
    }
  ],
  "wasInterrupted": false
}